{"D:\\Icarustech\\project_cpf\\src\\domain\\entity\\coupon.js": {"path":"D:\\Icarustech\\project_cpf\\src\\domain\\entity\\coupon.js","statementMap":{"0":{"start":{"line":1,"column":13},"end":{"line":1,"column":30}},"1":{"start":{"line":5,"column":2},"end":{"line":5,"column":28}},"2":{"start":{"line":8,"column":16},"end":{"line":14,"column":2}},"3":{"start":{"line":9,"column":2},"end":{"line":13,"column":4}},"4":{"start":{"line":16,"column":21},"end":{"line":35,"column":5}},"5":{"start":{"line":17,"column":24},"end":{"line":17,"column":28}},"6":{"start":{"line":18,"column":8},"end":{"line":20,"column":9}},"7":{"start":{"line":19,"column":12},"end":{"line":19,"column":38}},"8":{"start":{"line":21,"column":8},"end":{"line":23,"column":9}},"9":{"start":{"line":22,"column":12},"end":{"line":22,"column":25}},"10":{"start":{"line":24,"column":8},"end":{"line":34,"column":9}},"11":{"start":{"line":25,"column":23},"end":{"line":25,"column":57}},"12":{"start":{"line":26,"column":12},"end":{"line":28,"column":13}},"13":{"start":{"line":27,"column":16},"end":{"line":27,"column":49}},"14":{"start":{"line":30,"column":12},"end":{"line":30,"column":29}},"15":{"start":{"line":32,"column":12},"end":{"line":32,"column":31}},"16":{"start":{"line":33,"column":12},"end":{"line":33,"column":21}},"17":{"start":{"line":37,"column":0},"end":{"line":37,"column":24}}},"fnMap":{"0":{"name":"(anonymous_0)","decl":{"start":{"line":4,"column":1},"end":{"line":4,"column":2}},"loc":{"start":{"line":4,"column":21},"end":{"line":6,"column":2}},"line":4},"1":{"name":"(anonymous_1)","decl":{"start":{"line":8,"column":16},"end":{"line":8,"column":17}},"loc":{"start":{"line":8,"column":26},"end":{"line":14,"column":2}},"line":8},"2":{"name":"(anonymous_2)","decl":{"start":{"line":16,"column":21},"end":{"line":16,"column":22}},"loc":{"start":{"line":16,"column":31},"end":{"line":35,"column":5}},"line":16}},"branchMap":{"0":{"loc":{"start":{"line":18,"column":8},"end":{"line":20,"column":9}},"type":"if","locations":[{"start":{"line":18,"column":8},"end":{"line":20,"column":9}},{"start":{"line":18,"column":8},"end":{"line":20,"column":9}}],"line":18},"1":{"loc":{"start":{"line":21,"column":8},"end":{"line":23,"column":9}},"type":"if","locations":[{"start":{"line":21,"column":8},"end":{"line":23,"column":9}},{"start":{"line":21,"column":8},"end":{"line":23,"column":9}}],"line":21},"2":{"loc":{"start":{"line":26,"column":12},"end":{"line":28,"column":13}},"type":"if","locations":[{"start":{"line":26,"column":12},"end":{"line":28,"column":13}},{"start":{"line":26,"column":12},"end":{"line":28,"column":13}}],"line":26}},"s":{"0":1,"1":4,"2":4,"3":4,"4":4,"5":3,"6":3,"7":0,"8":3,"9":1,"10":2,"11":2,"12":2,"13":2,"14":2,"15":0,"16":0,"17":1},"f":{"0":4,"1":4,"2":3},"b":{"0":[0,3],"1":[1,2],"2":[2,0]},"_coverageSchema":"1a1c01bbd47fc00a2c39e90264f33305004495a9","hash":"bd002dbc4f42059741117a6437bbd459eaf027a1"}
,"D:\\Icarustech\\project_cpf\\src\\domain\\entity\\cpf.js": {"path":"D:\\Icarustech\\project_cpf\\src\\domain\\entity\\cpf.js","statementMap":{"0":{"start":{"line":2,"column":50},"end":{"line":2,"column":53}},"1":{"start":{"line":3,"column":4},"end":{"line":3,"column":49}},"2":{"start":{"line":3,"column":31},"end":{"line":3,"column":47}},"3":{"start":{"line":7,"column":28},"end":{"line":34,"column":1}},"4":{"start":{"line":8,"column":4},"end":{"line":8,"column":27}},"5":{"start":{"line":8,"column":14},"end":{"line":8,"column":27}},"6":{"start":{"line":9,"column":4},"end":{"line":9,"column":30}},"7":{"start":{"line":10,"column":4},"end":{"line":10,"column":39}},"8":{"start":{"line":10,"column":26},"end":{"line":10,"column":39}},"9":{"start":{"line":11,"column":4},"end":{"line":11,"column":41}},"10":{"start":{"line":11,"column":28},"end":{"line":11,"column":41}},"11":{"start":{"line":12,"column":4},"end":{"line":33,"column":5}},"12":{"start":{"line":13,"column":15},"end":{"line":13,"column":16}},"13":{"start":{"line":14,"column":15},"end":{"line":14,"column":16}},"14":{"start":{"line":16,"column":8},"end":{"line":20,"column":9}},"15":{"start":{"line":16,"column":26},"end":{"line":16,"column":27}},"16":{"start":{"line":17,"column":12},"end":{"line":17,"column":64}},"17":{"start":{"line":18,"column":12},"end":{"line":18,"column":47}},"18":{"start":{"line":19,"column":12},"end":{"line":19,"column":47}},"19":{"start":{"line":21,"column":20},"end":{"line":21,"column":27}},"20":{"start":{"line":22,"column":19},"end":{"line":22,"column":45}},"21":{"start":{"line":23,"column":8},"end":{"line":23,"column":25}},"22":{"start":{"line":24,"column":8},"end":{"line":24,"column":22}},"23":{"start":{"line":25,"column":8},"end":{"line":25,"column":25}},"24":{"start":{"line":26,"column":18},"end":{"line":26,"column":43}},"25":{"start":{"line":27,"column":26},"end":{"line":27,"column":65}},"26":{"start":{"line":28,"column":25},"end":{"line":28,"column":44}},"27":{"start":{"line":29,"column":8},"end":{"line":29,"column":41}},"28":{"start":{"line":31,"column":8},"end":{"line":31,"column":34}},"29":{"start":{"line":32,"column":8},"end":{"line":32,"column":21}},"30":{"start":{"line":36,"column":0},"end":{"line":38,"column":1}}},"fnMap":{"0":{"name":"areDigitEqual","decl":{"start":{"line":1,"column":9},"end":{"line":1,"column":22}},"loc":{"start":{"line":1,"column":28},"end":{"line":4,"column":1}},"line":1},"1":{"name":"(anonymous_1)","decl":{"start":{"line":3,"column":26},"end":{"line":3,"column":27}},"loc":{"start":{"line":3,"column":31},"end":{"line":3,"column":47}},"line":3},"2":{"name":"(anonymous_2)","decl":{"start":{"line":7,"column":28},"end":{"line":7,"column":29}},"loc":{"start":{"line":7,"column":36},"end":{"line":34,"column":1}},"line":7}},"branchMap":{"0":{"loc":{"start":{"line":8,"column":4},"end":{"line":8,"column":27}},"type":"if","locations":[{"start":{"line":8,"column":4},"end":{"line":8,"column":27}},{"start":{"line":8,"column":4},"end":{"line":8,"column":27}}],"line":8},"1":{"loc":{"start":{"line":10,"column":4},"end":{"line":10,"column":39}},"type":"if","locations":[{"start":{"line":10,"column":4},"end":{"line":10,"column":39}},{"start":{"line":10,"column":4},"end":{"line":10,"column":39}}],"line":10},"2":{"loc":{"start":{"line":11,"column":4},"end":{"line":11,"column":41}},"type":"if","locations":[{"start":{"line":11,"column":4},"end":{"line":11,"column":41}},{"start":{"line":11,"column":4},"end":{"line":11,"column":41}}],"line":11},"3":{"loc":{"start":{"line":22,"column":19},"end":{"line":22,"column":45}},"type":"cond-expr","locations":[{"start":{"line":22,"column":32},"end":{"line":22,"column":33}},{"start":{"line":22,"column":36},"end":{"line":22,"column":45}}],"line":22},"4":{"loc":{"start":{"line":26,"column":18},"end":{"line":26,"column":43}},"type":"cond-expr","locations":[{"start":{"line":26,"column":31},"end":{"line":26,"column":32}},{"start":{"line":26,"column":35},"end":{"line":26,"column":43}}],"line":26}},"s":{"0":2,"1":2,"2":13,"3":1,"4":5,"5":0,"6":5,"7":5,"8":3,"9":2,"10":1,"11":1,"12":1,"13":1,"14":1,"15":1,"16":9,"17":9,"18":9,"19":1,"20":1,"21":1,"22":1,"23":1,"24":1,"25":1,"26":1,"27":1,"28":0,"29":0,"30":1},"f":{"0":2,"1":13,"2":5},"b":{"0":[0,5],"1":[3,2],"2":[1,1],"3":[0,1],"4":[0,1]},"_coverageSchema":"1a1c01bbd47fc00a2c39e90264f33305004495a9","hash":"d43e3d9e67e9e06c42f43f97015630dd07638af4"}
,"D:\\Icarustech\\project_cpf\\src\\domain\\entity\\delivery.js": {"path":"D:\\Icarustech\\project_cpf\\src\\domain\\entity\\delivery.js","statementMap":{"0":{"start":{"line":7,"column":24},"end":{"line":26,"column":5}},"1":{"start":{"line":8,"column":35},"end":{"line":8,"column":37}},"2":{"start":{"line":10,"column":12},"end":{"line":12,"column":9}},"3":{"start":{"line":11,"column":12},"end":{"line":11,"column":54}},"4":{"start":{"line":13,"column":8},"end":{"line":15,"column":9}},"5":{"start":{"line":14,"column":12},"end":{"line":14,"column":49}},"6":{"start":{"line":16,"column":8},"end":{"line":25,"column":9}},"7":{"start":{"line":17,"column":38},"end":{"line":17,"column":86}},"8":{"start":{"line":18,"column":16},"end":{"line":22,"column":17}},"9":{"start":{"line":19,"column":20},"end":{"line":19,"column":45}},"10":{"start":{"line":21,"column":20},"end":{"line":21,"column":39}},"11":{"start":{"line":24,"column":16},"end":{"line":24,"column":62}},"12":{"start":{"line":28,"column":0},"end":{"line":28,"column":26}}},"fnMap":{"0":{"name":"(anonymous_0)","decl":{"start":{"line":4,"column":4},"end":{"line":4,"column":5}},"loc":{"start":{"line":4,"column":18},"end":{"line":5,"column":2}},"line":4},"1":{"name":"(anonymous_1)","decl":{"start":{"line":7,"column":24},"end":{"line":7,"column":25}},"loc":{"start":{"line":7,"column":45},"end":{"line":26,"column":5}},"line":7}},"branchMap":{"0":{"loc":{"start":{"line":10,"column":12},"end":{"line":12,"column":9}},"type":"if","locations":[{"start":{"line":10,"column":12},"end":{"line":12,"column":9}},{"start":{"line":10,"column":12},"end":{"line":12,"column":9}}],"line":10},"1":{"loc":{"start":{"line":10,"column":15},"end":{"line":10,"column":82}},"type":"binary-expr","locations":[{"start":{"line":10,"column":15},"end":{"line":10,"column":47}},{"start":{"line":10,"column":51},"end":{"line":10,"column":82}}],"line":10},"2":{"loc":{"start":{"line":13,"column":8},"end":{"line":15,"column":9}},"type":"if","locations":[{"start":{"line":13,"column":8},"end":{"line":15,"column":9}},{"start":{"line":13,"column":8},"end":{"line":15,"column":9}}],"line":13},"3":{"loc":{"start":{"line":18,"column":16},"end":{"line":22,"column":17}},"type":"if","locations":[{"start":{"line":18,"column":16},"end":{"line":22,"column":17}},{"start":{"line":18,"column":16},"end":{"line":22,"column":17}}],"line":18},"4":{"loc":{"start":{"line":18,"column":19},"end":{"line":18,"column":60}},"type":"binary-expr","locations":[{"start":{"line":18,"column":19},"end":{"line":18,"column":29}},{"start":{"line":18,"column":34},"end":{"line":18,"column":59}}],"line":18}},"s":{"0":6,"1":6,"2":6,"3":0,"4":6,"5":0,"6":6,"7":6,"8":6,"9":2,"10":4,"11":0,"12":1},"f":{"0":6,"1":6},"b":{"0":[0,6],"1":[6,6],"2":[0,6],"3":[2,4],"4":[6,3]},"_coverageSchema":"1a1c01bbd47fc00a2c39e90264f33305004495a9","hash":"ea40400a5d93de1325e10c1f1c90e9d0f106ee41"}
,"D:\\Icarustech\\project_cpf\\src\\domain\\entity\\item.js": {"path":"D:\\Icarustech\\project_cpf\\src\\domain\\entity\\item.js","statementMap":{"0":{"start":{"line":3,"column":2},"end":{"line":3,"column":24}},"1":{"start":{"line":6,"column":17},"end":{"line":18,"column":5}},"2":{"start":{"line":7,"column":7},"end":{"line":17,"column":9}},"3":{"start":{"line":20,"column":16},"end":{"line":22,"column":5}},"4":{"start":{"line":21,"column":8},"end":{"line":21,"column":81}},"5":{"start":{"line":24,"column":17},"end":{"line":26,"column":5}},"6":{"start":{"line":25,"column":8},"end":{"line":25,"column":49}},"7":{"start":{"line":29,"column":28},"end":{"line":29,"column":77}},"8":{"start":{"line":30,"column":8},"end":{"line":30,"column":53}},"9":{"start":{"line":33,"column":0},"end":{"line":33,"column":21}}},"fnMap":{"0":{"name":"(anonymous_0)","decl":{"start":{"line":2,"column":4},"end":{"line":2,"column":5}},"loc":{"start":{"line":2,"column":22},"end":{"line":4,"column":2}},"line":2},"1":{"name":"(anonymous_1)","decl":{"start":{"line":6,"column":17},"end":{"line":6,"column":18}},"loc":{"start":{"line":6,"column":26},"end":{"line":18,"column":5}},"line":6},"2":{"name":"(anonymous_2)","decl":{"start":{"line":20,"column":16},"end":{"line":20,"column":17}},"loc":{"start":{"line":20,"column":21},"end":{"line":22,"column":5}},"line":20},"3":{"name":"(anonymous_3)","decl":{"start":{"line":24,"column":17},"end":{"line":24,"column":18}},"loc":{"start":{"line":24,"column":22},"end":{"line":26,"column":5}},"line":24},"4":{"name":"(anonymous_4)","decl":{"start":{"line":28,"column":4},"end":{"line":28,"column":5}},"loc":{"start":{"line":28,"column":22},"end":{"line":31,"column":5}},"line":28}},"branchMap":{"0":{"loc":{"start":{"line":30,"column":15},"end":{"line":30,"column":52}},"type":"cond-expr","locations":[{"start":{"line":30,"column":36},"end":{"line":30,"column":38}},{"start":{"line":30,"column":41},"end":{"line":30,"column":52}}],"line":30}},"s":{"0":1,"1":1,"2":1,"3":1,"4":0,"5":1,"6":0,"7":0,"8":0,"9":3},"f":{"0":1,"1":1,"2":0,"3":0,"4":0},"b":{"0":[0,0]},"_coverageSchema":"1a1c01bbd47fc00a2c39e90264f33305004495a9","hash":"b9025e8a4173a810707f3fc46ce37c7e9898f412"}
,"D:\\Icarustech\\project_cpf\\src\\domain\\entity\\order.js": {"path":"D:\\Icarustech\\project_cpf\\src\\domain\\entity\\order.js","statementMap":{"0":{"start":{"line":5,"column":2},"end":{"line":5,"column":27}},"1":{"start":{"line":6,"column":8},"end":{"line":6,"column":29}},"2":{"start":{"line":9,"column":21},"end":{"line":20,"column":5}},"3":{"start":{"line":10,"column":8},"end":{"line":12,"column":9}},"4":{"start":{"line":11,"column":12},"end":{"line":11,"column":43}},"5":{"start":{"line":13,"column":28},"end":{"line":13,"column":66}},"6":{"start":{"line":14,"column":8},"end":{"line":18,"column":9}},"7":{"start":{"line":15,"column":12},"end":{"line":15,"column":31}},"8":{"start":{"line":17,"column":12},"end":{"line":17,"column":25}},"9":{"start":{"line":22,"column":33},"end":{"line":40,"column":5}},"10":{"start":{"line":23,"column":8},"end":{"line":25,"column":9}},"11":{"start":{"line":24,"column":12},"end":{"line":24,"column":44}},"12":{"start":{"line":26,"column":8},"end":{"line":28,"column":9}},"13":{"start":{"line":27,"column":12},"end":{"line":27,"column":39}},"14":{"start":{"line":29,"column":28},"end":{"line":29,"column":66}},"15":{"start":{"line":30,"column":8},"end":{"line":38,"column":9}},"16":{"start":{"line":31,"column":12},"end":{"line":35,"column":13}},"17":{"start":{"line":32,"column":16},"end":{"line":32,"column":65}},"18":{"start":{"line":34,"column":16},"end":{"line":34,"column":45}},"19":{"start":{"line":37,"column":12},"end":{"line":37,"column":47}},"20":{"start":{"line":42,"column":22},"end":{"line":51,"column":5}},"21":{"start":{"line":43,"column":25},"end":{"line":48,"column":13}},"22":{"start":{"line":44,"column":12},"end":{"line":46,"column":13}},"23":{"start":{"line":45,"column":16},"end":{"line":45,"column":55}},"24":{"start":{"line":47,"column":12},"end":{"line":47,"column":24}},"25":{"start":{"line":50,"column":8},"end":{"line":50,"column":26}},"26":{"start":{"line":53,"column":0},"end":{"line":53,"column":23}}},"fnMap":{"0":{"name":"(anonymous_0)","decl":{"start":{"line":4,"column":4},"end":{"line":4,"column":5}},"loc":{"start":{"line":4,"column":31},"end":{"line":7,"column":2}},"line":4},"1":{"name":"(anonymous_1)","decl":{"start":{"line":9,"column":21},"end":{"line":9,"column":22}},"loc":{"start":{"line":9,"column":26},"end":{"line":20,"column":5}},"line":9},"2":{"name":"(anonymous_2)","decl":{"start":{"line":22,"column":33},"end":{"line":22,"column":34}},"loc":{"start":{"line":22,"column":38},"end":{"line":40,"column":5}},"line":22},"3":{"name":"(anonymous_3)","decl":{"start":{"line":42,"column":22},"end":{"line":42,"column":23}},"loc":{"start":{"line":42,"column":33},"end":{"line":51,"column":5}},"line":42},"4":{"name":"(anonymous_4)","decl":{"start":{"line":43,"column":38},"end":{"line":43,"column":39}},"loc":{"start":{"line":43,"column":52},"end":{"line":48,"column":9}},"line":43}},"branchMap":{"0":{"loc":{"start":{"line":10,"column":8},"end":{"line":12,"column":9}},"type":"if","locations":[{"start":{"line":10,"column":8},"end":{"line":12,"column":9}},{"start":{"line":10,"column":8},"end":{"line":12,"column":9}}],"line":10},"1":{"loc":{"start":{"line":10,"column":11},"end":{"line":10,"column":59}},"type":"binary-expr","locations":[{"start":{"line":10,"column":11},"end":{"line":10,"column":28}},{"start":{"line":10,"column":32},"end":{"line":10,"column":59}}],"line":10},"2":{"loc":{"start":{"line":14,"column":8},"end":{"line":18,"column":9}},"type":"if","locations":[{"start":{"line":14,"column":8},"end":{"line":18,"column":9}},{"start":{"line":14,"column":8},"end":{"line":18,"column":9}}],"line":14},"3":{"loc":{"start":{"line":23,"column":8},"end":{"line":25,"column":9}},"type":"if","locations":[{"start":{"line":23,"column":8},"end":{"line":25,"column":9}},{"start":{"line":23,"column":8},"end":{"line":25,"column":9}}],"line":23},"4":{"loc":{"start":{"line":23,"column":11},"end":{"line":23,"column":75}},"type":"binary-expr","locations":[{"start":{"line":23,"column":11},"end":{"line":23,"column":28}},{"start":{"line":23,"column":32},"end":{"line":23,"column":59}},{"start":{"line":23,"column":63},"end":{"line":23,"column":75}}],"line":23},"5":{"loc":{"start":{"line":26,"column":8},"end":{"line":28,"column":9}},"type":"if","locations":[{"start":{"line":26,"column":8},"end":{"line":28,"column":9}},{"start":{"line":26,"column":8},"end":{"line":28,"column":9}}],"line":26},"6":{"loc":{"start":{"line":26,"column":11},"end":{"line":26,"column":48}},"type":"binary-expr","locations":[{"start":{"line":26,"column":11},"end":{"line":26,"column":23}},{"start":{"line":26,"column":27},"end":{"line":26,"column":48}}],"line":26},"7":{"loc":{"start":{"line":30,"column":8},"end":{"line":38,"column":9}},"type":"if","locations":[{"start":{"line":30,"column":8},"end":{"line":38,"column":9}},{"start":{"line":30,"column":8},"end":{"line":38,"column":9}}],"line":30},"8":{"loc":{"start":{"line":44,"column":12},"end":{"line":46,"column":13}},"type":"if","locations":[{"start":{"line":44,"column":12},"end":{"line":46,"column":13}},{"start":{"line":44,"column":12},"end":{"line":46,"column":13}}],"line":44},"9":{"loc":{"start":{"line":44,"column":15},"end":{"line":44,"column":42}},"type":"binary-expr","locations":[{"start":{"line":44,"column":15},"end":{"line":44,"column":25}},{"start":{"line":44,"column":29},"end":{"line":44,"column":42}}],"line":44}},"s":{"0":2,"1":2,"2":2,"3":1,"4":0,"5":1,"6":1,"7":1,"8":0,"9":2,"10":1,"11":0,"12":1,"13":0,"14":1,"15":1,"16":1,"17":1,"18":0,"19":0,"20":2,"21":2,"22":6,"23":6,"24":6,"25":2,"26":1},"f":{"0":2,"1":1,"2":1,"3":2,"4":6},"b":{"0":[0,1],"1":[1,1],"2":[1,0],"3":[0,1],"4":[1,1,1],"5":[0,1],"6":[1,1],"7":[1,0],"8":[6,0],"9":[6,6]},"_coverageSchema":"1a1c01bbd47fc00a2c39e90264f33305004495a9","hash":"03e7488d857867baa63fe390e20d7fee27cb524d"}
,"D:\\Icarustech\\project_cpf\\src\\infra\\database\\db.js": {"path":"D:\\Icarustech\\project_cpf\\src\\infra\\database\\db.js","statementMap":{"0":{"start":{"line":5,"column":18},"end":{"line":5,"column":38}},"1":{"start":{"line":7,"column":18},"end":{"line":10,"column":4}},"2":{"start":{"line":12,"column":0},"end":{"line":12,"column":27}}},"fnMap":{},"branchMap":{},"s":{"0":1,"1":1,"2":1},"f":{},"b":{},"_coverageSchema":"1a1c01bbd47fc00a2c39e90264f33305004495a9","hash":"bd1d8b036cfde5b2b17513c2ed12f42c057e1318"}
,"D:\\Icarustech\\project_cpf\\src\\infra\\model\\item.js": {"path":"D:\\Icarustech\\project_cpf\\src\\infra\\model\\item.js","statementMap":{"0":{"start":{"line":1,"column":18},"end":{"line":1,"column":38}},"1":{"start":{"line":2,"column":17},"end":{"line":2,"column":42}},"2":{"start":{"line":4,"column":13},"end":{"line":20,"column":2}},"3":{"start":{"line":22,"column":0},"end":{"line":22,"column":22}}},"fnMap":{},"branchMap":{},"s":{"0":1,"1":1,"2":1,"3":1},"f":{},"b":{},"_coverageSchema":"1a1c01bbd47fc00a2c39e90264f33305004495a9","hash":"7d0db891f2ef5f71a29c5da28c3ddf43b123c85e"}
,"D:\\Icarustech\\project_cpf\\src\\infra\\repository\\itemRepository.js": {"path":"D:\\Icarustech\\project_cpf\\src\\infra\\repository\\itemRepository.js","statementMap":{"0":{"start":{"line":2,"column":13},"end":{"line":2,"column":37}},"1":{"start":{"line":5,"column":4},"end":{"line":5,"column":35}},"2":{"start":{"line":8,"column":0},"end":{"line":8,"column":28}}},"fnMap":{"0":{"name":"findAll","decl":{"start":{"line":4,"column":9},"end":{"line":4,"column":16}},"loc":{"start":{"line":4,"column":24},"end":{"line":6,"column":1}},"line":4}},"branchMap":{},"s":{"0":1,"1":1,"2":1},"f":{"0":1},"b":{},"_coverageSchema":"1a1c01bbd47fc00a2c39e90264f33305004495a9","hash":"4e54e5f69382864787340ce1490692360786c995"}
}
