TN:
SF:src\domain\entity\coupon.js
FN:4,(anonymous_0)
FN:8,(anonymous_1)
FN:16,(anonymous_2)
FNF:3
FNH:3
FNDA:4,(anonymous_0)
FNDA:4,(anonymous_1)
FNDA:3,(anonymous_2)
DA:1,1
DA:5,4
DA:8,4
DA:9,4
DA:16,4
DA:17,3
DA:18,3
DA:19,0
DA:21,3
DA:22,1
DA:24,2
DA:25,2
DA:26,2
DA:27,2
DA:30,2
DA:32,0
DA:33,0
DA:37,1
LF:18
LH:15
BRDA:18,0,0,0
BRDA:18,0,1,3
BRDA:21,1,0,1
BRDA:21,1,1,2
BRDA:26,2,0,2
BRDA:26,2,1,0
BRF:6
BRH:4
end_of_record
TN:
SF:src\domain\entity\cpf.js
FN:1,areDigitEqual
FN:3,(anonymous_1)
FN:7,(anonymous_2)
FNF:3
FNH:3
FNDA:2,areDigitEqual
FNDA:13,(anonymous_1)
FNDA:5,(anonymous_2)
DA:2,2
DA:3,13
DA:7,1
DA:8,5
DA:9,5
DA:10,5
DA:11,2
DA:12,1
DA:13,1
DA:14,1
DA:16,1
DA:17,9
DA:18,9
DA:19,9
DA:21,1
DA:22,1
DA:23,1
DA:24,1
DA:25,1
DA:26,1
DA:27,1
DA:28,1
DA:29,1
DA:31,0
DA:32,0
DA:36,1
LF:26
LH:24
BRDA:8,0,0,0
BRDA:8,0,1,5
BRDA:10,1,0,3
BRDA:10,1,1,2
BRDA:11,2,0,1
BRDA:11,2,1,1
BRDA:22,3,0,0
BRDA:22,3,1,1
BRDA:26,4,0,0
BRDA:26,4,1,1
BRF:10
BRH:7
end_of_record
TN:
SF:src\domain\entity\delivery.js
FN:4,(anonymous_0)
FN:7,(anonymous_1)
FNF:2
FNH:2
FNDA:6,(anonymous_0)
FNDA:6,(anonymous_1)
DA:7,6
DA:8,6
DA:10,6
DA:11,0
DA:13,6
DA:14,0
DA:16,6
DA:17,6
DA:18,6
DA:19,2
DA:21,4
DA:24,0
DA:28,1
LF:13
LH:10
BRDA:10,0,0,0
BRDA:10,0,1,6
BRDA:10,1,0,6
BRDA:10,1,1,6
BRDA:13,2,0,0
BRDA:13,2,1,6
BRDA:18,3,0,2
BRDA:18,3,1,4
BRDA:18,4,0,6
BRDA:18,4,1,3
BRF:10
BRH:8
end_of_record
TN:
SF:src\domain\entity\item.js
FN:2,(anonymous_0)
FN:6,(anonymous_1)
FN:20,(anonymous_2)
FN:24,(anonymous_3)
FN:28,(anonymous_4)
FNF:5
FNH:2
FNDA:1,(anonymous_0)
FNDA:1,(anonymous_1)
FNDA:0,(anonymous_2)
FNDA:0,(anonymous_3)
FNDA:0,(anonymous_4)
DA:3,1
DA:6,1
DA:7,1
DA:20,1
DA:21,0
DA:24,1
DA:25,0
DA:29,0
DA:30,0
DA:33,3
LF:10
LH:6
BRDA:30,0,0,0
BRDA:30,0,1,0
BRF:2
BRH:0
end_of_record
TN:
SF:src\domain\entity\order.js
FN:4,(anonymous_0)
FN:9,(anonymous_1)
FN:22,(anonymous_2)
FN:42,(anonymous_3)
FN:43,(anonymous_4)
FNF:5
FNH:5
FNDA:2,(anonymous_0)
FNDA:1,(anonymous_1)
FNDA:1,(anonymous_2)
FNDA:2,(anonymous_3)
FNDA:6,(anonymous_4)
DA:5,2
DA:6,2
DA:9,2
DA:10,1
DA:11,0
DA:13,1
DA:14,1
DA:15,1
DA:17,0
DA:22,2
DA:23,1
DA:24,0
DA:26,1
DA:27,0
DA:29,1
DA:30,1
DA:31,1
DA:32,1
DA:34,0
DA:37,0
DA:42,2
DA:43,2
DA:44,6
DA:45,6
DA:47,6
DA:50,2
DA:53,1
LF:27
LH:21
BRDA:10,0,0,0
BRDA:10,0,1,1
BRDA:10,1,0,1
BRDA:10,1,1,1
BRDA:14,2,0,1
BRDA:14,2,1,0
BRDA:23,3,0,0
BRDA:23,3,1,1
BRDA:23,4,0,1
BRDA:23,4,1,1
BRDA:23,4,2,1
BRDA:26,5,0,0
BRDA:26,5,1,1
BRDA:26,6,0,1
BRDA:26,6,1,1
BRDA:30,7,0,1
BRDA:30,7,1,0
BRDA:44,8,0,6
BRDA:44,8,1,0
BRDA:44,9,0,6
BRDA:44,9,1,6
BRF:21
BRH:15
end_of_record
TN:
SF:src\infra\database\db.js
FNF:0
FNH:0
DA:5,1
DA:7,1
DA:12,1
LF:3
LH:3
BRF:0
BRH:0
end_of_record
TN:
SF:src\infra\model\item.js
FNF:0
FNH:0
DA:1,1
DA:2,1
DA:4,1
DA:22,1
LF:4
LH:4
BRF:0
BRH:0
end_of_record
TN:
SF:src\infra\repository\itemRepository.js
FN:4,findAll
FNF:1
FNH:1
FNDA:1,findAll
DA:2,1
DA:5,1
DA:8,1
LF:3
LH:3
BRF:0
BRH:0
end_of_record
